<?xml version="1.0" encoding="UTF-8"?>
<!-- Generated by org.testng.reporters.JUnitReportReporter -->
<testsuite hostname="DELL" failures="0" tests="2" name="com.qa.testScripts.Tc_excerise_001" time="31.300" errors="0" timestamp="2022-12-07T11:55:07 IST" skipped="0">
  <testcase classname="com.qa.testScripts.Tc_excerise_001" name="CreateAccount" time="14.532"/>
  <system-out/>
  <testcase classname="com.qa.testScripts.Tc_excerise_001" name="CreateAccount" time="16.768"/>
  <system-out/>
</testsuite> <!-- com.qa.testScripts.Tc_excerise_001 -->
