<?xml version="1.0" encoding="UTF-8"?>
<!-- Generated by org.testng.reporters.JUnitReportReporter -->
<testsuite hostname="DELL" failures="0" tests="2" name="com.qa.testScripts.TC_MobileSearch" time="46.810" errors="0" timestamp="2022-12-12T16:18:50 IST" skipped="0">
  <testcase classname="com.qa.testScripts.TC_MobileSearch" name="televsionSearch" time="11.490"/>
  <system-out>
    <![CDATA[Title matched]]>
  </system-out>
  <testcase classname="com.qa.testScripts.TC_MobileSearch" name="mobileSearch" time="35.320"/>
  <system-out>
    <![CDATA[Title matched]]>
  </system-out>
</testsuite> <!-- com.qa.testScripts.TC_MobileSearch -->
