<?xml version="1.0" encoding="UTF-8"?>
<!-- Generated by org.testng.reporters.JUnitReportReporter -->
<testsuite hostname="DELL" failures="0" tests="1" name="com.qa.testScripts.Tc_CourseraSearch" time="18.123" errors="0" timestamp="2022-12-07T16:01:06 IST" skipped="0">
  <testcase classname="com.qa.testScripts.Tc_CourseraSearch" name="SignUp" time="18.123"/>
  <system-out/>
</testsuite> <!-- com.qa.testScripts.Tc_CourseraSearch -->
