<?xml version="1.0" encoding="UTF-8"?>
<!-- Generated by org.testng.reporters.JUnitReportReporter -->
<testsuite hostname="DELL" failures="0" tests="2" name="com.qa.testScripts.Tc_Exercise_05" time="11.664" errors="0" timestamp="2022-12-12T11:46:11 IST" skipped="0">
  <testcase classname="com.qa.testScripts.Tc_Exercise_05" name="televisionSearch" time="5.864"/>
  <system-out>
    <![CDATA[Title matched]]>
  </system-out>
  <testcase classname="com.qa.testScripts.Tc_Exercise_05" name="mobileSearch" time="5.800"/>
  <system-out>
    <![CDATA[Title matched]]>
  </system-out>
</testsuite> <!-- com.qa.testScripts.Tc_Exercise_05 -->
