<?xml version="1.0" encoding="UTF-8"?>
<!-- Generated by org.testng.reporters.JUnitReportReporter -->
<testsuite hostname="DELL" failures="0" tests="4" name="com.qa.testScripts.TC_CleartripSearch" time="64.277" errors="0" timestamp="2022-12-09T14:02:11 IST" skipped="0">
  <testcase classname="com.qa.testScripts.TC_CleartripSearch" name="bookFlight" time="15.596"/>
  <system-out/>
  <testcase classname="com.qa.testScripts.TC_CleartripSearch" name="bookFlight" time="16.340"/>
  <system-out/>
  <testcase classname="com.qa.testScripts.TC_CleartripSearch" name="bookFlight" time="16.168"/>
  <system-out/>
  <testcase classname="com.qa.testScripts.TC_CleartripSearch" name="bookFlight" time="16.173"/>
  <system-out/>
</testsuite> <!-- com.qa.testScripts.TC_CleartripSearch -->
