<?xml version="1.0" encoding="UTF-8"?>
<!-- Generated by org.testng.reporters.JUnitReportReporter -->
<testsuite hostname="DELL" failures="0" tests="1" name="com.qa.testScripts.TC_AmazonSearch" time="11.028" errors="0" timestamp="2022-12-09T16:06:34 IST" skipped="0">
  <testcase classname="com.qa.testScripts.TC_AmazonSearch" name="Search" time="11.028"/>
  <system-out/>
</testsuite> <!-- com.qa.testScripts.TC_AmazonSearch -->
